<?xml version="1.0" encoding="UTF-8"?>
<!-- Generated by org.testng.reporters.JUnitXMLReporter -->
<testsuite hostname="Wolverine" ignored="0" name="UI Tests" tests="4" failures="0" timestamp="2021-08-06T15:22:14 IST" time="9.032" errors="0">
  <testcase name="openInstance" time="2.005" classname="validations.GitHubRepoListTests"/>
  <testcase name="checkIfOrgHasNoRepositories" time="0.026" classname="validations.GitHubRepoListTests"/>
  <testcase name="openRepositoriesTab" time="0.771" classname="validations.GitHubRepoListTests"/>
  <testcase name="compareRepositoryNamesWithAPIResponse" time="3.181" classname="validations.GitHubRepoListTests"/>
</testsuite> <!-- UI Tests -->
