<?xml version="1.0" encoding="UTF-8"?>
<testng-results skipped="0" failed="0" ignored="0" total="4" passed="4">
  <reporter-output>
  </reporter-output>
  <suite name="UI API Tests" duration-ms="9047" started-at="2021-08-06T15:22:05 IST" finished-at="2021-08-06T15:22:14 IST">
    <groups>
    </groups>
    <test name="Configure Platform" duration-ms="0" started-at="2021-08-06T15:22:05 IST" finished-at="2021-08-06T15:22:05 IST">
    </test> <!-- Configure Platform -->
    <test name="UI Tests" duration-ms="9032" started-at="2021-08-06T15:22:05 IST" finished-at="2021-08-06T15:22:14 IST">
      <class name="validations.GitHubRepoListTests">
        <test-method status="PASS" signature="configureBrowser()[pri:0, instance:validations.GitHubRepoListTests@3246fb96]" name="configureBrowser" is-config="true" duration-ms="2157" started-at="2021-08-06T15:22:05 IST" finished-at="2021-08-06T15:22:07 IST">
          <reporter-output>
          </reporter-output>
        </test-method> <!-- configureBrowser -->
        <test-method status="PASS" signature="openInstance()[pri:0, instance:validations.GitHubRepoListTests@3246fb96]" name="openInstance" duration-ms="2005" started-at="2021-08-06T15:22:07 IST" finished-at="2021-08-06T15:22:09 IST">
          <reporter-output>
          </reporter-output>
        </test-method> <!-- openInstance -->
        <test-method status="PASS" signature="checkIfOrgHasNoRepositories()[pri:2, instance:validations.GitHubRepoListTests@3246fb96]" name="checkIfOrgHasNoRepositories" duration-ms="26" started-at="2021-08-06T15:22:09 IST" finished-at="2021-08-06T15:22:09 IST">
          <reporter-output>
          </reporter-output>
        </test-method> <!-- checkIfOrgHasNoRepositories -->
        <test-method status="PASS" signature="openRepositoriesTab()[pri:1, instance:validations.GitHubRepoListTests@3246fb96]" name="openRepositoriesTab" duration-ms="771" started-at="2021-08-06T15:22:09 IST" depends-on-methods="validations.GitHubRepoListTests.checkIfOrgHasNoRepositories" finished-at="2021-08-06T15:22:10 IST">
          <reporter-output>
          </reporter-output>
        </test-method> <!-- openRepositoriesTab -->
        <test-method status="PASS" signature="compareRepositoryNamesWithAPIResponse()[pri:3, instance:validations.GitHubRepoListTests@3246fb96]" name="compareRepositoryNamesWithAPIResponse" duration-ms="3181" started-at="2021-08-06T15:22:10 IST" finished-at="2021-08-06T15:22:13 IST">
          <reporter-output>
          </reporter-output>
        </test-method> <!-- compareRepositoryNamesWithAPIResponse -->
        <test-method status="PASS" signature="endExecution()[pri:0, instance:validations.GitHubRepoListTests@3246fb96]" name="endExecution" is-config="true" duration-ms="875" started-at="2021-08-06T15:22:13 IST" finished-at="2021-08-06T15:22:14 IST">
          <reporter-output>
          </reporter-output>
        </test-method> <!-- endExecution -->
      </class> <!-- validations.GitHubRepoListTests -->
    </test> <!-- UI Tests -->
  </suite> <!-- UI API Tests -->
</testng-results>
