<?xml version="1.0" encoding="UTF-8"?>
<testsuite xmlns:xsi="http://www.w3.org/2001/XMLSchema-instance" xsi:noNamespaceSchemaLocation="https://maven.apache.org/surefire/maven-surefire-plugin/xsd/surefire-test-report-3.0.xsd" version="3.0" name="TestSuite" time="9.891" tests="4" errors="0" skipped="0" failures="0">
  <properties>
[...]
</properties>
  <testcase name="openInstance" classname="validations.GitHubRepoListTests" time="1.937">
    <system-out><![CDATA[15:22:05.722 [main] INFO  config.TestCore - Execution is started on Google Chrome
15:22:07.894 [main] INFO  pages.GitHubRepoList - https://github.com/django
15:22:09.851 [main] INFO  validations.GitHubRepoListTests - Correct instance is opened: https://github.com/django
15:22:09.884 [main] INFO  validations.GitHubRepoListTests - Correct organization name is displayed.
]]></system-out>
    <system-err><![CDATA[SLF4J: Failed to load class "org.slf4j.impl.StaticLoggerBinder".
SLF4J: Defaulting to no-operation (NOP) logger implementation
SLF4J: See http://www.slf4j.org/codes.html#StaticLoggerBinder for further details.
Starting ChromeDriver 92.0.4515.43 (8c61b7e2989f2990d42f859cac71319137787cce-refs/branch-heads/4515@{#306}) on port 43066
Only local connections are allowed.
Please see https://chromedriver.chromium.org/security-considerations for suggestions on keeping ChromeDriver safe.
ChromeDriver was started successfully.
Aug 06, 2021 3:22:07 PM org.openqa.selenium.remote.ProtocolHandshake createSession
INFO: Detected dialect: W3C
Aug 06, 2021 3:22:07 PM org.openqa.selenium.devtools.CdpVersionFinder findNearestMatch
WARNING: Unable to find an exact match for CDP version 92, so returning the closest version found: a no-op implementation
Aug 06, 2021 3:22:07 PM org.openqa.selenium.devtools.CdpVersionFinder findNearestMatch
INFO: Unable to find CDP implementation matching 92.
Aug 06, 2021 3:22:07 PM org.openqa.selenium.chromium.ChromiumDriver lambda$new$0
WARNING: Unable to find version of CDP to use for . You may need to include a dependency on a specific version of the CDP using something similar to `org.seleniumhq.selenium:selenium-devtools-v86:4.0.0-alpha-7` where the version ("v86") matches the version of the chromium-based browser you're using and the version number of the artifact is the same as Selenium's.
]]></system-err>
  </testcase>
  <testcase name="checkIfOrgHasNoRepositories" classname="validations.GitHubRepoListTests" time="0.016">
    <system-out><![CDATA[15:22:09.894 [main] INFO  validations.GitHubRepoListTests - Provided organization has one or more than one repositories.
]]></system-out>
  </testcase>
  <testcase name="openRepositoriesTab" classname="validations.GitHubRepoListTests" time="0.782">
    <system-out><![CDATA[15:22:09.910 [main] INFO  validations.GitHubRepoListTests - Opening repository tab...
15:22:10.681 [main] INFO  validations.GitHubRepoListTests - Correct repository list page displayed.
]]></system-out>
  </testcase>
  <testcase name="compareRepositoryNamesWithAPIResponse" classname="validations.GitHubRepoListTests" time="3.171">
    <system-out><![CDATA[15:22:13.863 [main] INFO  validations.GitHubRepoListTests - Information (repository name and it's description) shown on UI matches, which is retrieved from the API response.
]]></system-out>
  </testcase>
</testsuite>